[    0.000000] Linux version 4.15.0-212-generic (buildd@lcy02-amd64-083) (gcc version 7.5.0 (Ubuntu 7.5.0-3ubuntu1~18.04)) #223-Ubuntu SMP Tue May 23 13:09:22 UTC 2023 (Ubuntu 4.15.0-212.223-generic 4.15.18)
[    0.000000] Command line: BOOT_IMAGE=/boot/vmlinuz-4.15.0-212-generic root=LABEL=cloudimg-rootfs ro console=tty1 console=ttyS0
[    0.000000] KERNEL supported cpus:
[    0.000000]   Intel GenuineIntel
[    0.000000]   AMD AuthenticAMD
[    0.000000]   Centaur CentaurHauls
[    0.000000] x86/fpu: x87 FPU will use FXSAVE
[    0.000000] e820: BIOS-provided physical RAM map:
[    0.000000] BIOS-e820: [mem 0x0000000000000000-0x000000000009fbff] usable
[    0.000000] BIOS-e820: [mem 0x000000000009fc00-0x000000000009ffff] reserved
[    0.000000] BIOS-e820: [mem 0x00000000000f0000-0x00000000000fffff] reserved
[    0.000000] BIOS-e820: [mem 0x0000000000100000-0x000000003ffeffff] usable
[    0.000000] BIOS-e820: [mem 0x000000003fff0000-0x000000003fffffff] ACPI data
[    0.000000] BIOS-e820: [mem 0x00000000fec00000-0x00000000fec00fff] reserved
[    0.000000] BIOS-e820: [mem 0x00000000fee00000-0x00000000fee00fff] reserved
[    0.000000] BIOS-e820: [mem 0x00000000fffc0000-0x00000000ffffffff] reserved
[    0.000000] NX (Execute Disable) protection: active
[    0.000000] SMBIOS 2.5 present.
[    0.000000] DMI: innotek GmbH VirtualBox/VirtualBox, BIOS VirtualBox 12/01/2006
[    0.000000] Hypervisor detected: KVM
[    0.000000] e820: last_pfn = 0x3fff0 max_arch_pfn = 0x400000000
[    0.000000] x86/PAT: Configuration [0-7]: WB  WC  UC- UC  WB  WP  UC- WT  
[    0.000000] CPU MTRRs all blank - virtualized system.
[    0.000000] found SMP MP-table at [mem 0x0009fbf0-0x0009fbff]
[    0.000000] Scanning 1 areas for low memory corruption
[    0.000000] RAMDISK: [mem 0x359cb000-0x36cdcfff]
[    0.000000] ACPI: Early table checksum verification disabled
[    0.000000] ACPI: RSDP 0x00000000000E0000 000024 (v02 VBOX  )
[    0.000000] ACPI: XSDT 0x000000003FFF0030 00003C (v01 VBOX   VBOXXSDT 00000001 ASL  00000061)
[    0.000000] ACPI: FACP 0x000000003FFF00F0 0000F4 (v04 VBOX   VBOXFACP 00000001 ASL  00000061)
[    0.000000] ACPI: DSDT 0x000000003FFF0610 002353 (v02 VBOX   VBOXBIOS 00000002 INTL 20100528)
[    0.000000] ACPI: FACS 0x000000003FFF0200 000040
[    0.000000] ACPI: FACS 0x000000003FFF0200 000040
[    0.000000] ACPI: APIC 0x000000003FFF0240 00005C (v02 VBOX   VBOXAPIC 00000001 ASL  00000061)
[    0.000000] ACPI: SSDT 0x000000003FFF02A0 00036C (v01 VBOX   VBOXCPUT 00000002 INTL 20100528)
[    0.000000] ACPI: Reserving FACP table memory at [mem 0x3fff00f0-0x3fff01e3]
[    0.000000] ACPI: Reserving DSDT table memory at [mem 0x3fff0610-0x3fff2962]
[    0.000000] ACPI: Reserving FACS table memory at [mem 0x3fff0200-0x3fff023f]
[    0.000000] ACPI: Reserving FACS table memory at [mem 0x3fff0200-0x3fff023f]
[    0.000000] ACPI: Reserving APIC table memory at [mem 0x3fff0240-0x3fff029b]
[    0.000000] ACPI: Reserving SSDT table memory at [mem 0x3fff02a0-0x3fff060b]
[    0.000000] No NUMA configuration found
[    0.000000] Faking a node at [mem 0x0000000000000000-0x000000003ffeffff]
[    0.000000] NODE_DATA(0) allocated [mem 0x3ffc5000-0x3ffeffff]
[    0.000000] kvm-clock: cpu 0, msr 0:3ff44001, primary cpu clock
[    0.000000] kvm-clock: Using msrs 4b564d01 and 4b564d00
[    0.000000] kvm-clock: using sched offset of 5896334304 cycles
[    0.000000] clocksource: kvm-clock: mask: 0xffffffffffffffff max_cycles: 0x1cd42e4dffb, max_idle_ns: 881590591483 ns
[    0.000000] Zone ranges:
[    0.000000]   DMA      [mem 0x0000000000001000-0x0000000000ffffff]
[    0.000000]   DMA32    [mem 0x0000000001000000-0x000000003ffeffff]
[    0.000000]   Normal   empty
[    0.000000]   Device   empty
[    0.000000] Movable zone start for each node
[    0.000000] Early memory node ranges
[    0.000000]   node   0: [mem 0x0000000000001000-0x000000000009efff]
[    0.000000]   node   0: [mem 0x0000000000100000-0x000000003ffeffff]
[    0.000000] Reserved but unavailable: 104 pages
[    0.000000] Initmem setup node 0 [mem 0x0000000000001000-0x000000003ffeffff]
[    0.000000] ACPI: PM-Timer IO Port: 0x4008
[    0.000000] IOAPIC[0]: apic_id 2, version 32, address 0xfec00000, GSI 0-23
[    0.000000] ACPI: INT_SRC_OVR (bus 0 bus_irq 0 global_irq 2 dfl dfl)
[    0.000000] ACPI: INT_SRC_OVR (bus 0 bus_irq 9 global_irq 9 low level)
[    0.000000] Using ACPI (MADT) for SMP configuration information
[    0.000000] smpboot: Allowing 2 CPUs, 0 hotplug CPUs
[    0.000000] PM: Registered nosave memory: [mem 0x00000000-0x00000fff]
[    0.000000] PM: Registered nosave memory: [mem 0x0009f000-0x0009ffff]
[    0.000000] PM: Registered nosave memory: [mem 0x000a0000-0x000effff]
[    0.000000] PM: Registered nosave memory: [mem 0x000f0000-0x000fffff]
[    0.000000] e820: [mem 0x40000000-0xfebfffff] available for PCI devices
[    0.000000] Booting paravirtualized kernel on KVM
[    0.000000] clocksource: refined-jiffies: mask: 0xffffffff max_cycles: 0xffffffff, max_idle_ns: 7645519600211568 ns
[    0.000000] setup_percpu: NR_CPUS:8192 nr_cpumask_bits:2 nr_cpu_ids:2 nr_node_ids:1
[    0.000000] percpu: Embedded 50 pages/cpu s167936 r8192 d28672 u1048576
[    0.000000] PV qspinlock hash table entries: 256 (order: 0, 4096 bytes)
[    0.000000] Built 1 zonelists, mobility grouping on.  Total pages: 257913
[    0.000000] Policy zone: DMA32
[    0.000000] Kernel command line: BOOT_IMAGE=/boot/vmlinuz-4.15.0-212-generic root=LABEL=cloudimg-rootfs ro console=tty1 console=ttyS0
[    0.000000] Memory: 982644K/1048120K available (12300K kernel code, 2477K rwdata, 4324K rodata, 2480K init, 2720K bss, 65476K reserved, 0K cma-reserved)
[    0.000000] SLUB: HWalign=64, Order=0-3, MinObjects=0, CPUs=2, Nodes=1
[    0.000000] ftrace: allocating 39508 entries in 155 pages
[    0.004000] Hierarchical RCU implementation.
[    0.004000] 	RCU restricting CPUs from NR_CPUS=8192 to nr_cpu_ids=2.
[    0.004000] 	Tasks RCU enabled.
[    0.004000] RCU: Adjusting geometry for rcu_fanout_leaf=16, nr_cpu_ids=2
[    0.004000] NR_IRQS: 524544, nr_irqs: 440, preallocated irqs: 16
[    0.004000] random: crng init done
[    0.004000] Console: colour VGA+ 80x25
[    0.004000] console [tty1] enabled
[    0.004000] console [ttyS0] enabled
[    0.004000] ACPI: Core revision 20170831
[    0.004000] ACPI: 2 ACPI AML tables successfully acquired and loaded
[    0.004000] APIC: Switch to symmetric I/O mode setup
[    0.004000] ..TIMER: vector=0x30 apic1=0 pin1=2 apic2=-1 pin2=-1
[    0.004012] tsc: Detected 2112.006 MHz processor
[    0.008019] Calibrating delay loop (skipped) preset value.. 4224.01 BogoMIPS (lpj=8448024)
[    0.012014] pid_max: default: 32768 minimum: 301
[    0.016286] Security Framework initialized
[    0.020010] Yama: becoming mindful.
[    0.024320] AppArmor: AppArmor initialized
[    0.048753] Dentry cache hash table entries: 131072 (order: 8, 1048576 bytes)
[    0.062233] Inode-cache hash table entries: 65536 (order: 7, 524288 bytes)
[    0.064278] Mount-cache hash table entries: 2048 (order: 2, 16384 bytes)
[    0.072134] Mountpoint-cache hash table entries: 2048 (order: 2, 16384 bytes)
[    0.089101] Last level iTLB entries: 4KB 0, 2MB 0, 4MB 0
[    0.092010] Last level dTLB entries: 4KB 0, 2MB 0, 4MB 0, 1GB 0
[    0.096016] Spectre V1 : Mitigation: usercopy/swapgs barriers and __user pointer sanitization
[    0.100017] Spectre V2 : Mitigation: Enhanced IBRS
[    0.104009] Spectre V2 : Spectre v2 / SpectreRSB mitigation: Filling RSB on context switch
[    0.108011] Spectre V2 : Spectre v2 / PBRSB-eIBRS: Retire a single CALL on VMEXIT
[    0.112010] RETBleed: Mitigation: Enhanced IBRS
[    0.116008] Speculative Store Bypass: Vulnerable
[    0.124043] Freeing SMP alternatives memory: 36K
[    0.253509] APIC calibration not consistent with PM-Timer: 102ms instead of 100ms
[    0.256000] APIC delta adjusted to PM-Timer: 6415768 (6579804)
[    0.257058] smpboot: CPU0: 12th Gen Intel(R) Core(TM) i5-1240P (family: 0x6, model: 0x9a, stepping: 0x3)
[    0.261561] Performance Events: unsupported p6 CPU model 154 no PMU driver, software events only.
[    0.264640] Hierarchical SRCU implementation.
[    0.270031] NMI watchdog: Perf event create on CPU 0 failed with -2
[    0.272010] NMI watchdog: Perf NMI watchdog permanently disabled
[    0.277412] smp: Bringing up secondary CPUs ...
[    0.286890] x86: Booting SMP configuration:
[    0.288010] .... node  #0, CPUs:      #1
[    0.004000] kvm-clock: cpu 1, msr 0:3ff44041, secondary cpu clock
[    0.324000] TSC synchronization [CPU#0 -> CPU#1]:
[    0.324000] Measured 77403 cycles TSC warp between CPUs, turning off TSC clock.
[    0.324000] tsc: Marking TSC unstable due to check_tsc_sync_source failed
[    0.336016] smp: Brought up 1 node, 2 CPUs
[    0.340017] smpboot: Max logical packages: 1
[    0.344019] smpboot: Total of 2 processors activated (8448.02 BogoMIPS)
[    0.356122] devtmpfs: initialized
[    0.360230] x86/mm: Memory block size: 128MB
[    0.364657] evm: security.selinux
[    0.368008] evm: security.SMACK64
[    0.372008] evm: security.SMACK64EXEC
[    0.376008] evm: security.SMACK64TRANSMUTE
[    0.380009] evm: security.SMACK64MMAP
[    0.384010] evm: security.apparmor
[    0.388010] evm: security.ima
[    0.392012] evm: security.capability
[    0.401053] clocksource: jiffies: mask: 0xffffffff max_cycles: 0xffffffff, max_idle_ns: 7645041785100000 ns
[    0.404034] futex hash table entries: 512 (order: 3, 32768 bytes)
[    0.412345] pinctrl core: initialized pinctrl subsystem
[    0.417896] RTC time:  6:25:42, date: 04/18/25
[    0.422491] NET: Registered protocol family 16
[    0.424233] audit: initializing netlink subsys (disabled)
[    0.432177] audit: type=2000 audit(1744957547.687:1): state=initialized audit_enabled=0 res=1
[    0.452156] cpuidle: using governor ladder
[    0.456024] cpuidle: using governor menu
[    0.460271] ACPI: bus type PCI registered
[    0.464009] acpiphp: ACPI Hot Plug PCI Controller Driver version: 0.5
[    0.468905] PCI: Using configuration type 1 for base access
[    0.484215] HugeTLB registered 2.00 MiB page size, pre-allocated 0 pages
[    0.500483] ACPI: Added _OSI(Module Device)
[    0.504006] ACPI: Added _OSI(Processor Device)
[    0.508009] ACPI: Added _OSI(3.0 _SCP Extensions)
[    0.512009] ACPI: Added _OSI(Processor Aggregator Device)
[    0.516011] ACPI: Added _OSI(Linux-Dell-Video)
[    0.520012] ACPI: Added _OSI(Linux-Lenovo-NV-HDMI-Audio)
[    0.524011] ACPI: Added _OSI(Linux-HPI-Hybrid-Graphics)
[    0.532314] ACPI: Executed 1 blocks of module-level executable AML code
[    0.547114] ACPI: Interpreter enabled
[    0.548040] ACPI: (supports S0 S5)
[    0.552009] ACPI: Using IOAPIC for interrupt routing
[    0.560772] PCI: Using host bridge windows from ACPI; if necessary, use "pci=nocrs" and report a bug
[    0.564608] ACPI: Enabled 2 GPEs in block 00 to 07
[    0.598674] ACPI: PCI Root Bridge [PCI0] (domain 0000 [bus 00-ff])
[    0.600032] acpi PNP0A03:00: _OSC: OS supports [ASPM ClockPM Segments MSI]
[    0.607004] acpi PNP0A03:00: _OSC: not requesting OS control; OS requires [ExtendedConfig ASPM ClockPM MSI]
[    0.608043] acpi PNP0A03:00: fail to add MMCONFIG information, can't access extended PCI configuration space under this bridge.
[    0.618005] PCI host bridge to bus 0000:00
[    0.620012] pci_bus 0000:00: root bus resource [io  0x0000-0x0cf7 window]
[    0.624016] pci_bus 0000:00: root bus resource [io  0x0d00-0xffff window]
[    0.628014] pci_bus 0000:00: root bus resource [mem 0x000a0000-0x000bffff window]
[    0.632014] pci_bus 0000:00: root bus resource [mem 0x40000000-0xfdffffff window]
[    0.636015] pci_bus 0000:00: root bus resource [bus 00-ff]
[    0.660000] pci 0000:00:01.1: legacy IDE quirk: reg 0x10: [io  0x01f0-0x01f7]
[    0.660013] pci 0000:00:01.1: legacy IDE quirk: reg 0x14: [io  0x03f6]
[    0.664013] pci 0000:00:01.1: legacy IDE quirk: reg 0x18: [io  0x0170-0x0177]
[    0.668012] pci 0000:00:01.1: legacy IDE quirk: reg 0x1c: [io  0x0376]
[    0.734927] pci 0000:00:07.0: quirk: [io  0x4000-0x403f] claimed by PIIX4 ACPI
[    0.736132] pci 0000:00:07.0: quirk: [io  0x4100-0x410f] claimed by PIIX4 SMB
[    0.775520] ACPI: PCI Interrupt Link [LNKA] (IRQs 5 9 10 *11)
[    0.780563] ACPI: PCI Interrupt Link [LNKB] (IRQs 5 9 *10 11)
[    0.788321] ACPI: PCI Interrupt Link [LNKC] (IRQs 5 *9 10 11)
[    0.792368] ACPI: PCI Interrupt Link [LNKD] (IRQs 5 9 10 *11)
[    0.800382] SCSI subsystem initialized
[    0.808232] pci 0000:00:02.0: vgaarb: setting as boot VGA device
[    0.812000] pci 0000:00:02.0: vgaarb: VGA device added: decodes=io+mem,owns=io+mem,locks=none
[    0.812018] pci 0000:00:02.0: vgaarb: bridge control possible
[    0.816008] vgaarb: loaded
[    0.824106] ACPI: bus type USB registered
[    0.828053] usbcore: registered new interface driver usbfs
[    0.832131] usbcore: registered new interface driver hub
[    0.836046] usbcore: registered new device driver usb
[    0.840828] EDAC MC: Ver: 3.0.0
[    0.856053] PCI: Using ACPI for IRQ routing
[    0.864727] NetLabel: Initializing
[    0.868009] NetLabel:  domain hash size = 128
[    0.872010] NetLabel:  protocols = UNLABELED CIPSOv4 CALIPSO
[    0.876066] NetLabel:  unlabeled traffic allowed by default
[    0.884802] clocksource: Switched to clocksource kvm-clock
[    0.905678] VFS: Disk quotas dquot_6.6.0
[    0.905678] VFS: Dquot-cache hash table entries: 512 (order 0, 4096 bytes)
[    1.001492] AppArmor: AppArmor Filesystem Enabled
[    1.005108] pnp: PnP ACPI init
[    1.005108] pnp: PnP ACPI: found 3 devices
[    1.114405] clocksource: acpi_pm: mask: 0xffffff max_cycles: 0xffffff, max_idle_ns: 2085701024 ns
[    1.116320] NET: Registered protocol family 2
[    1.116320] IP idents hash table entries: 16384 (order: 5, 131072 bytes)
[    1.177844] TCP established hash table entries: 8192 (order: 4, 65536 bytes)
[    1.200725] TCP bind hash table entries: 8192 (order: 5, 131072 bytes)
[    1.224042] TCP: Hash tables configured (established 8192 bind 8192)
[    1.226275] UDP hash table entries: 512 (order: 2, 16384 bytes)
[    1.226275] UDP-Lite hash table entries: 512 (order: 2, 16384 bytes)
[    1.284456] NET: Registered protocol family 1
[    1.297796] pci 0000:00:00.0: Limiting direct PCI/PCI transfers
[    1.315056] pci 0000:00:01.0: Activating ISA DMA hang workarounds
[    1.318705] pci 0000:00:02.0: Video device with shadowed ROM at [mem 0x000c0000-0x000dffff]
[    1.318705] Unpacking initramfs...
[    2.131736] Freeing initrd memory: 19528K
[    2.131736] clocksource: tsc: mask: 0xffffffffffffffff max_cycles: 0x1e717e40680, max_idle_ns: 440795297614 ns
[    2.131736] platform rtc_cmos: registered platform RTC device (no PNP device found)
[    2.131736] Scanning for low memory corruption every 60 seconds
[    2.780854] Initialise system trusted keyrings
[    2.797131] Key type blacklist registered
[    2.815654] workingset: timestamp_bits=36 max_order=18 bucket_order=0
[    2.861120] zbud: loaded
[    2.875604] squashfs: version 4.0 (2009/01/31) Phillip Lougher
[    2.897140] fuse init (API version 7.26)
[    3.018383] Key type asymmetric registered
[    3.032705] Asymmetric key parser 'x509' registered
[    3.049724] Block layer SCSI generic (bsg) driver version 0.4 loaded (major 246)
[    3.073428] io scheduler noop registered
[    3.086235] io scheduler deadline registered
[    3.100793] io scheduler cfq registered (default)
[    3.119316] ACPI: AC Adapter [AC] (on-line)
[    3.133078] input: Power Button as /devices/LNXSYSTM:00/LNXPWRBN:00/input/input0
[    3.159025] ACPI: Power Button [PWRF]
[    3.169043] input: Sleep Button as /devices/LNXSYSTM:00/LNXSLPBN:00/input/input1
[    3.185497] ACPI: Sleep Button [SLPF]
[    3.207142] Serial: 8250/16550 driver, 32 ports, IRQ sharing enabled
[    3.210720] ACPI: Battery Slot [BAT0] (battery present)
[    3.309605] 00:02: ttyS0 at I/O 0x3f8 (irq = 4, base_baud = 115200) is a 16550A
[    3.348414] Linux agpgart interface v0.103
[    3.399134] loop: module loaded
[    3.420826] scsi host0: ata_piix
[    3.435711] scsi host1: ata_piix
[    3.439588] ata1: PATA max UDMA/33 cmd 0x1f0 ctl 0x3f6 bmdma 0xd000 irq 14
[    3.439588] ata2: PATA max UDMA/33 cmd 0x170 ctl 0x376 bmdma 0xd008 irq 15
[    3.487293] tun: Universal TUN/TAP device driver, 1.6
[    3.505738] PPP generic driver version 2.4.2
[    3.522616] ehci_hcd: USB 2.0 'Enhanced' Host Controller (EHCI) Driver
[    3.542279] ehci-pci: EHCI PCI platform driver
[    3.555853] ehci-platform: EHCI generic platform driver
[    3.582606] ohci_hcd: USB 1.1 'Open' Host Controller (OHCI) Driver
[    3.600862] ohci-pci: OHCI PCI platform driver
[    3.614214] ohci-platform: OHCI generic platform driver
[    3.636201] uhci_hcd: USB Universal Host Controller Interface driver
[    3.669581] i8042: PNP: PS/2 Controller [PNP0303:PS2K,PNP0f03:PS2M] at 0x60,0x64 irq 1,12
[    3.730665] serio: i8042 KBD port at 0x60,0x64 irq 1
[    3.745286] serio: i8042 AUX port at 0x60,0x64 irq 12
[    3.827665] mousedev: PS/2 mouse device common for all mice
[    3.854604] rtc_cmos rtc_cmos: rtc core: registered rtc_cmos as rtc0
[    3.878727] rtc_cmos rtc_cmos: alarms up to one day, 114 bytes nvram
[    3.900518] i2c /dev entries driver
[    3.912006] input: AT Translated Set 2 keyboard as /devices/platform/i8042/serio0/input/input2
[    3.937666] device-mapper: uevent: version 1.0.3
[    3.954058] device-mapper: ioctl: 4.37.0-ioctl (2017-09-20) initialised: dm-devel@redhat.com
[    3.983634] ledtrig-cpu: registered to indicate activity on CPUs
[    4.024771] NET: Registered protocol family 10
[    4.087548] Segment Routing with IPv6
[    4.103335] NET: Registered protocol family 17
[    4.118331] Key type dns_resolver registered
[    4.133729] mce: Using 0 MCE banks
[    4.146040] RAS: Correctable Errors collector initialized.
[    4.163835] sched_clock: Marking stable (4163510087, 0)->(7277758560, -3114248473)
[    4.198545] registered taskstats version 1
[    4.210516] Loading compiled-in X.509 certificates
[    4.240636] Loaded X.509 cert 'Build time autogenerated kernel key: b5b26778eaa3ab3a4a6cee031137706e947d12ad'
[    4.259936] Loaded X.509 cert 'Canonical Ltd. Live Patch Signing: 14df34d1a87cf37625abec039ef2bf521249b969'
[    4.273683] Loaded X.509 cert 'Canonical Ltd. Kernel Module Signing: 88f752e560a1e0737e31163a466ad7b70a850c19'
[    4.287631] blacklist: Loading compiled-in revocation X.509 certificates
[    4.296542] Loaded X.509 cert 'Canonical Ltd. Secure Boot Signing: 61482aa2830d0ab2ad5af10b7250da9033ddcef0'
[    4.311126] Loaded X.509 cert 'Canonical Ltd. Secure Boot Signing (2017): 242ade75ac4a15e50d50c84b0d45ff3eae707a03'
[    4.328215] Loaded X.509 cert 'Canonical Ltd. Secure Boot Signing (ESM 2018): 365188c1d374d6b07c3c8f240f8ef722433d6a8b'
[    4.359364] Loaded X.509 cert 'Canonical Ltd. Secure Boot Signing (2019): c0746fd6c5da3ae827864651ad66ae47fe24b3e8'
[    4.390324] Loaded X.509 cert 'Canonical Ltd. Secure Boot Signing (2021 v1): a8d54bbb3825cfb94fa13c9f8a594a195c107b8d'
[    4.423053] Loaded X.509 cert 'Canonical Ltd. Secure Boot Signing (2021 v2): 4cf046892d6fd3c9a5b03f98d845f90851dc6a8c'
[    4.454909] Loaded X.509 cert 'Canonical Ltd. Secure Boot Signing (2021 v3): 100437bb6de6e469b581e61cd66bce3ef4ed53af'
[    4.485972] Loaded X.509 cert 'Canonical Ltd. Secure Boot Signing (Ubuntu Core 2019): c1d57b8f6b743f23ee41f4f7ee292f06eecadfb9'
[    4.517579] zswap: loaded using pool lzo/zbud
[    4.567478] Key type big_key registered
[    4.580625] Key type trusted registered
[    4.608869] Key type encrypted registered
[    4.620743] AppArmor: AppArmor sha1 policy hashing enabled
[    4.636182] ima: No TPM chip found, activating TPM-bypass! (rc=-19)
[    4.653611] ima: Allocated hash algorithm: sha1
[    4.666310] evm: HMAC attrs: 0x1
[    4.679511]   Magic number: 5:349:418
[    4.692674] rtc_cmos rtc_cmos: setting system clock to 2025-04-18 06:25:47 UTC (1744957547)
[    4.718545] BIOS EDD facility v0.16 2004-Jun-25, 0 devices found
[    4.735522] EDD information not available.
[    4.756604] Freeing unused kernel image memory: 2480K
[    4.969693] Write protecting the kernel read-only data: 20480k
[    4.991948] Freeing unused kernel image memory: 2008K
[    5.008577] Freeing unused kernel image memory: 1820K
[    5.034470] x86/mm: Checked W+X mappings: passed, no W+X pages found.
Loading, please wait...
starting version 237
[    5.327623] e1000: Intel(R) PRO/1000 Network Driver - version 7.3.21-k8-NAPI
[    5.350745] e1000: Copyright (c) 1999-2006 Intel Corporation.
[    5.400124] Fusion MPT base driver 3.04.20
[    5.416773] Copyright (c) 1999-2008 LSI Corporation
[    5.530151] Fusion MPT SPI Host driver 3.04.20
[    5.558225] SSE version of gcm_enc/dec engaged.
[    5.752057] input: ImExPS/2 Generic Explorer Mouse as /devices/platform/i8042/serio1/input/input4
[    7.124121] e1000 0000:00:03.0 eth0: (PCI:33MHz:32-bit) 02:3b:7b:b7:3b:2d
[    7.146493] e1000 0000:00:03.0 eth0: Intel(R) PRO/1000 Network Connection
[    8.586275] e1000 0000:00:08.0 eth1: (PCI:33MHz:32-bit) 08:00:27:a4:dc:19
[    8.609931] e1000 0000:00:08.0 eth1: Intel(R) PRO/1000 Network Connection
[    8.646392] e1000 0000:00:03.0 enp0s3: renamed from eth0
[    8.652724] mptbase: ioc0: Initiating bringup
